mode: atomic
github.com/jiwen624/logspout/log/log.go:16.13,17.27 1 1
github.com/jiwen624/logspout/log/log.go:22.2,23.16 2 1
github.com/jiwen624/logspout/log/log.go:26.2,26.22 1 1
github.com/jiwen624/logspout/log/log.go:17.27,19.3 1 1
github.com/jiwen624/logspout/log/log.go:19.8,21.3 1 0
github.com/jiwen624/logspout/log/log.go:23.16,25.3 1 0
github.com/jiwen624/logspout/log/log.go:47.35,48.11 1 1
github.com/jiwen624/logspout/log/log.go:62.2,62.10 1 1
github.com/jiwen624/logspout/log/log.go:49.13,50.14 1 0
github.com/jiwen624/logspout/log/log.go:51.12,52.13 1 1
github.com/jiwen624/logspout/log/log.go:53.12,54.13 1 0
github.com/jiwen624/logspout/log/log.go:55.13,56.14 1 0
github.com/jiwen624/logspout/log/log.go:57.13,58.14 1 0
github.com/jiwen624/logspout/log/log.go:59.10,60.16 1 0
github.com/jiwen624/logspout/log/log.go:65.39,67.9 2 0
github.com/jiwen624/logspout/log/log.go:70.2,70.15 1 0
github.com/jiwen624/logspout/log/log.go:67.9,69.3 1 0
github.com/jiwen624/logspout/log/log.go:81.35,85.9 3 2
github.com/jiwen624/logspout/log/log.go:89.2,90.12 2 1
github.com/jiwen624/logspout/log/log.go:85.9,87.3 1 1
github.com/jiwen624/logspout/log/log.go:93.23,95.2 1 1
github.com/jiwen624/logspout/log/log.go:98.33,100.2 1 0
github.com/jiwen624/logspout/config/file.go:23.61,25.16 2 3
github.com/jiwen624/logspout/config/file.go:29.2,30.23 2 2
github.com/jiwen624/logspout/config/file.go:34.2,35.16 2 1
github.com/jiwen624/logspout/config/file.go:39.2,39.16 1 1
github.com/jiwen624/logspout/config/file.go:25.16,27.3 1 1
github.com/jiwen624/logspout/config/file.go:30.23,32.3 1 1
github.com/jiwen624/logspout/config/file.go:35.16,37.3 1 0
github.com/jiwen624/logspout/config/file.go:43.54,45.16 2 0
github.com/jiwen624/logspout/config/file.go:48.2,48.21 1 0
github.com/jiwen624/logspout/config/file.go:45.16,47.3 1 0
github.com/jiwen624/logspout/config/file.go:52.54,54.2 1 0
github.com/jiwen624/logspout/config/file.go:58.50,59.40 1 0
github.com/jiwen624/logspout/config/file.go:60.15,61.28 1 0
github.com/jiwen624/logspout/config/file.go:62.23,63.28 1 0
github.com/jiwen624/logspout/config/file.go:64.10,66.18 2 0
github.com/jiwen624/logspout/config/spout_config.go:82.50,83.17 1 7
github.com/jiwen624/logspout/config/spout_config.go:86.2,88.49 2 6
github.com/jiwen624/logspout/config/spout_config.go:91.2,91.16 1 4
github.com/jiwen624/logspout/config/spout_config.go:83.17,85.3 1 1
github.com/jiwen624/logspout/config/spout_config.go:88.49,90.3 1 2
github.com/jiwen624/logspout/main.go:18.13,35.2 10 0
github.com/jiwen624/logspout/output/output.go:52.13,54.2 1 1
github.com/jiwen624/logspout/output/output.go:61.26,65.26 3 1
github.com/jiwen624/logspout/output/output.go:65.26,65.47 1 0
github.com/jiwen624/logspout/output/output.go:66.26,66.44 1 0
github.com/jiwen624/logspout/output/output.go:67.26,67.46 1 0
github.com/jiwen624/logspout/output/output.go:68.26,68.45 1 0
github.com/jiwen624/logspout/output/output.go:74.45,78.2 3 1
github.com/jiwen624/logspout/output/output.go:81.29,85.2 3 1
github.com/jiwen624/logspout/output/output.go:87.49,92.2 4 2
github.com/jiwen624/logspout/output/output.go:97.62,99.23 2 0
github.com/jiwen624/logspout/output/output.go:103.2,103.11 1 0
github.com/jiwen624/logspout/output/output.go:99.23,102.3 2 0
github.com/jiwen624/logspout/output/output.go:107.30,112.2 3 0
github.com/jiwen624/logspout/output/output.go:115.22,120.2 4 9
github.com/jiwen624/logspout/output/registry.go:33.31,37.2 3 0
github.com/jiwen624/logspout/output/registry.go:39.36,44.2 3 0
github.com/jiwen624/logspout/output/registry.go:47.50,55.14 3 0
github.com/jiwen624/logspout/output/registry.go:59.2,61.9 3 0
github.com/jiwen624/logspout/output/registry.go:66.2,67.25 2 0
github.com/jiwen624/logspout/output/registry.go:70.2,71.12 2 0
github.com/jiwen624/logspout/output/registry.go:55.14,57.3 1 0
github.com/jiwen624/logspout/output/registry.go:61.9,64.3 2 0
github.com/jiwen624/logspout/output/registry.go:67.25,69.3 1 0
github.com/jiwen624/logspout/output/registry.go:75.52,79.44 3 0
github.com/jiwen624/logspout/output/registry.go:83.2,84.9 2 0
github.com/jiwen624/logspout/output/registry.go:88.2,89.25 2 0
github.com/jiwen624/logspout/output/registry.go:92.2,93.12 2 0
github.com/jiwen624/logspout/output/registry.go:79.44,81.3 1 0
github.com/jiwen624/logspout/output/registry.go:84.9,86.3 1 0
github.com/jiwen624/logspout/output/registry.go:89.25,91.3 1 0
github.com/jiwen624/logspout/output/registry.go:97.58,98.38 1 0
github.com/jiwen624/logspout/output/registry.go:102.2,102.8 1 0
github.com/jiwen624/logspout/output/registry.go:98.38,101.3 2 0
github.com/jiwen624/logspout/output/registry.go:106.68,110.16 3 0
github.com/jiwen624/logspout/output/registry.go:114.2,115.25 2 0
github.com/jiwen624/logspout/output/registry.go:125.2,125.32 1 0
github.com/jiwen624/logspout/output/registry.go:110.16,112.3 1 0
github.com/jiwen624/logspout/output/registry.go:115.25,116.24 1 0
github.com/jiwen624/logspout/output/registry.go:116.24,117.21 1 0
github.com/jiwen624/logspout/output/registry.go:120.4,120.35 1 0
github.com/jiwen624/logspout/output/registry.go:117.21,118.13 1 0
github.com/jiwen624/logspout/output/registry.go:120.35,122.5 1 0
github.com/jiwen624/logspout/output/registry.go:129.46,130.44 1 0
github.com/jiwen624/logspout/output/registry.go:130.44,132.3 1 0
github.com/jiwen624/logspout/output/registry.go:136.63,140.16 3 0
github.com/jiwen624/logspout/output/registry.go:144.2,145.24 2 0
github.com/jiwen624/logspout/output/registry.go:151.2,151.26 1 0
github.com/jiwen624/logspout/output/registry.go:158.2,158.20 1 0
github.com/jiwen624/logspout/output/registry.go:140.16,142.3 1 0
github.com/jiwen624/logspout/output/registry.go:145.24,147.3 1 0
github.com/jiwen624/logspout/output/registry.go:147.8,149.3 1 0
github.com/jiwen624/logspout/output/registry.go:151.26,152.28 1 0
github.com/jiwen624/logspout/output/registry.go:152.28,153.27 1 0
github.com/jiwen624/logspout/output/registry.go:153.27,155.5 1 0
github.com/jiwen624/logspout/output/registry.go:164.44,165.39 1 0
github.com/jiwen624/logspout/output/registry.go:165.39,167.17 2 0
github.com/jiwen624/logspout/output/registry.go:170.3,170.13 1 0
github.com/jiwen624/logspout/output/registry.go:167.17,169.4 1 0
github.com/jiwen624/logspout/output/registry.go:174.30,176.2 1 0
github.com/jiwen624/logspout/output/registry.go:180.65,185.23 4 0
github.com/jiwen624/logspout/output/registry.go:191.2,191.35 1 0
github.com/jiwen624/logspout/output/registry.go:185.23,186.39 1 0
github.com/jiwen624/logspout/output/registry.go:186.39,188.4 1 0
github.com/jiwen624/logspout/output/types.go:33.21,35.2 1 1
github.com/jiwen624/logspout/output/console.go:24.54,25.21 1 2
github.com/jiwen624/logspout/output/console.go:28.2,28.26 1 1
github.com/jiwen624/logspout/output/console.go:25.21,27.3 1 1
github.com/jiwen624/logspout/output/console.go:31.35,33.2 1 3
github.com/jiwen624/logspout/output/console.go:35.27,37.2 1 1
github.com/jiwen624/logspout/output/console.go:39.31,41.2 1 1
github.com/jiwen624/logspout/output/console.go:43.36,47.20 3 1
github.com/jiwen624/logspout/output/console.go:55.2,56.12 2 1
github.com/jiwen624/logspout/output/console.go:48.16,49.23 1 1
github.com/jiwen624/logspout/output/console.go:50.16,51.23 1 0
github.com/jiwen624/logspout/output/console.go:52.10,53.51 1 0
github.com/jiwen624/logspout/output/console.go:59.38,64.2 3 1
github.com/jiwen624/logspout/output/console.go:68.37,70.39 2 13
github.com/jiwen624/logspout/output/console.go:73.2,73.10 1 5
github.com/jiwen624/logspout/output/console.go:70.39,72.3 1 8
github.com/jiwen624/logspout/output/discard.go:11.53,13.2 1 2
github.com/jiwen624/logspout/output/discard.go:15.26,17.2 1 1
github.com/jiwen624/logspout/output/discard.go:19.30,21.2 1 1
github.com/jiwen624/logspout/output/discard.go:23.34,25.2 1 1
github.com/jiwen624/logspout/output/discard.go:27.35,30.2 2 1
github.com/jiwen624/logspout/output/discard.go:32.37,35.2 2 1
github.com/jiwen624/logspout/output/file.go:26.51,27.22 1 4
github.com/jiwen624/logspout/output/file.go:30.2,32.30 3 3
github.com/jiwen624/logspout/output/file.go:39.2,39.41 1 3
github.com/jiwen624/logspout/output/file.go:27.22,29.3 1 1
github.com/jiwen624/logspout/output/file.go:32.30,34.17 2 4
github.com/jiwen624/logspout/output/file.go:34.17,37.4 2 2
github.com/jiwen624/logspout/output/file.go:42.32,45.2 1 3
github.com/jiwen624/logspout/output/file.go:47.24,49.2 1 1
github.com/jiwen624/logspout/output/file.go:51.28,53.2 1 1
github.com/jiwen624/logspout/output/file.go:55.33,59.2 3 3
github.com/jiwen624/logspout/output/file.go:61.35,62.22 1 2
github.com/jiwen624/logspout/output/file.go:65.2,65.30 1 1
github.com/jiwen624/logspout/output/file.go:68.2,70.12 3 1
github.com/jiwen624/logspout/output/file.go:62.22,64.3 1 1
github.com/jiwen624/logspout/output/file.go:65.30,67.3 1 1
github.com/jiwen624/logspout/output/file.go:83.28,86.22 2 3
github.com/jiwen624/logspout/output/file.go:89.2,89.23 1 3
github.com/jiwen624/logspout/output/file.go:92.2,92.20 1 3
github.com/jiwen624/logspout/output/file.go:95.2,95.23 1 3
github.com/jiwen624/logspout/output/file.go:98.2,98.19 1 3
github.com/jiwen624/logspout/output/file.go:101.2,101.22 1 3
github.com/jiwen624/logspout/output/file.go:105.2,106.21 2 3
github.com/jiwen624/logspout/output/file.go:109.2,111.35 2 3
github.com/jiwen624/logspout/output/file.go:127.2,127.8 1 3
github.com/jiwen624/logspout/output/file.go:86.22,88.3 1 2
github.com/jiwen624/logspout/output/file.go:89.23,91.3 1 2
github.com/jiwen624/logspout/output/file.go:92.20,94.3 1 2
github.com/jiwen624/logspout/output/file.go:95.23,97.3 1 2
github.com/jiwen624/logspout/output/file.go:98.19,100.3 1 2
github.com/jiwen624/logspout/output/file.go:101.22,103.3 1 2
github.com/jiwen624/logspout/output/file.go:106.21,108.3 1 0
github.com/jiwen624/logspout/output/file.go:111.35,112.17 1 3
github.com/jiwen624/logspout/output/file.go:116.3,124.5 2 3
github.com/jiwen624/logspout/output/file.go:112.17,114.4 1 0
github.com/jiwen624/logspout/output/kafka.go:7.52,10.2 1 0
github.com/jiwen624/logspout/output/kafka.go:12.25,14.2 1 0
github.com/jiwen624/logspout/output/kafka.go:16.33,18.2 1 0
github.com/jiwen624/logspout/output/kafka.go:20.29,22.2 1 0
github.com/jiwen624/logspout/output/kafka.go:24.34,27.2 1 0
github.com/jiwen624/logspout/output/kafka.go:29.36,32.2 1 0
github.com/jiwen624/logspout/output/syslog.go:18.34,21.2 1 0
github.com/jiwen624/logspout/output/syslog.go:23.53,24.21 1 0
github.com/jiwen624/logspout/output/syslog.go:27.2,27.26 1 0
github.com/jiwen624/logspout/output/syslog.go:24.21,26.3 1 0
github.com/jiwen624/logspout/output/syslog.go:30.26,32.2 1 0
github.com/jiwen624/logspout/output/syslog.go:34.30,36.2 1 0
github.com/jiwen624/logspout/output/syslog.go:38.35,42.40 3 0
github.com/jiwen624/logspout/output/syslog.go:45.2,45.12 1 0
github.com/jiwen624/logspout/output/syslog.go:42.40,44.3 1 0
github.com/jiwen624/logspout/output/syslog.go:48.37,53.2 3 0
github.com/jiwen624/logspout/output/syslog.go:57.38,65.22 2 0
github.com/jiwen624/logspout/output/syslog.go:69.2,69.18 1 0
github.com/jiwen624/logspout/output/syslog.go:72.2,72.17 1 0
github.com/jiwen624/logspout/output/syslog.go:76.2,77.16 2 0
github.com/jiwen624/logspout/output/syslog.go:80.2,81.12 2 0
github.com/jiwen624/logspout/output/syslog.go:65.22,67.3 1 0
github.com/jiwen624/logspout/output/syslog.go:69.18,71.3 1 0
github.com/jiwen624/logspout/output/syslog.go:72.17,74.3 1 0
github.com/jiwen624/logspout/output/syslog.go:77.16,79.3 1 0
github.com/jiwen624/logspout/output/type_jsonenums.go:34.13,36.48 2 1
github.com/jiwen624/logspout/output/type_jsonenums.go:36.48,47.3 1 0
github.com/jiwen624/logspout/output/type_jsonenums.go:51.45,52.48 1 2
github.com/jiwen624/logspout/output/type_jsonenums.go:55.2,56.9 2 2
github.com/jiwen624/logspout/output/type_jsonenums.go:59.2,59.24 1 1
github.com/jiwen624/logspout/output/type_jsonenums.go:52.48,54.3 1 0
github.com/jiwen624/logspout/output/type_jsonenums.go:56.9,58.3 1 1
github.com/jiwen624/logspout/output/type_jsonenums.go:63.49,65.49 2 2
github.com/jiwen624/logspout/output/type_jsonenums.go:68.2,69.9 2 2
github.com/jiwen624/logspout/output/type_jsonenums.go:72.2,73.12 2 1
github.com/jiwen624/logspout/output/type_jsonenums.go:65.49,67.3 1 0
github.com/jiwen624/logspout/output/type_jsonenums.go:69.9,71.3 1 1
github.com/jiwen624/logspout/utils/error.go:13.41,14.14 1 0
github.com/jiwen624/logspout/utils/error.go:14.14,17.3 2 0
github.com/jiwen624/logspout/utils/error.go:21.38,23.27 2 0
github.com/jiwen624/logspout/utils/error.go:29.2,29.19 1 0
github.com/jiwen624/logspout/utils/error.go:23.27,24.17 1 0
github.com/jiwen624/logspout/utils/error.go:27.3,27.33 1 0
github.com/jiwen624/logspout/utils/error.go:24.17,25.12 1 0
github.com/jiwen624/logspout/utils/error.go:29.19,31.3 1 0
github.com/jiwen624/logspout/utils/error.go:31.8,33.3 1 0
github.com/jiwen624/logspout/utils/utils.go:4.42,5.23 1 0
github.com/jiwen624/logspout/utils/utils.go:10.2,10.11 1 0
github.com/jiwen624/logspout/utils/utils.go:5.23,6.13 1 0
github.com/jiwen624/logspout/utils/utils.go:6.13,8.4 1 0
github.com/jiwen624/logspout/utils/utils.go:14.54,16.21 2 0
github.com/jiwen624/logspout/utils/utils.go:20.2,20.8 1 0
github.com/jiwen624/logspout/utils/utils.go:16.21,19.3 2 0
github.com/jiwen624/logspout/replacer/build.go:16.57,19.93 2 0
github.com/jiwen624/logspout/replacer/build.go:158.2,159.25 2 0
github.com/jiwen624/logspout/replacer/build.go:19.93,24.47 4 0
github.com/jiwen624/logspout/replacer/build.go:28.3,29.17 2 0
github.com/jiwen624/logspout/replacer/build.go:33.3,35.95 2 0
github.com/jiwen624/logspout/replacer/build.go:54.3,57.22 2 0
github.com/jiwen624/logspout/replacer/build.go:61.3,61.12 1 0
github.com/jiwen624/logspout/replacer/build.go:155.3,155.13 1 0
github.com/jiwen624/logspout/replacer/build.go:24.47,26.4 1 0
github.com/jiwen624/logspout/replacer/build.go:29.17,31.4 1 0
github.com/jiwen624/logspout/replacer/build.go:35.95,38.37 2 0
github.com/jiwen624/logspout/replacer/build.go:51.4,51.14 1 0
github.com/jiwen624/logspout/replacer/build.go:38.37,41.5 2 0
github.com/jiwen624/logspout/replacer/build.go:41.10,41.44 1 0
github.com/jiwen624/logspout/replacer/build.go:41.44,44.5 2 0
github.com/jiwen624/logspout/replacer/build.go:44.10,44.43 1 0
github.com/jiwen624/logspout/replacer/build.go:44.43,46.106 2 0
github.com/jiwen624/logspout/replacer/build.go:49.5,49.18 1 0
github.com/jiwen624/logspout/replacer/build.go:46.106,48.6 1 0
github.com/jiwen624/logspout/replacer/build.go:57.22,59.4 1 0
github.com/jiwen624/logspout/replacer/build.go:62.25,64.18 2 0
github.com/jiwen624/logspout/replacer/build.go:67.4,70.110 2 0
github.com/jiwen624/logspout/replacer/build.go:74.4,74.18 1 0
github.com/jiwen624/logspout/replacer/build.go:91.4,91.51 1 0
github.com/jiwen624/logspout/replacer/build.go:93.25,94.72 1 0
github.com/jiwen624/logspout/replacer/build.go:100.23,102.18 2 0
github.com/jiwen624/logspout/replacer/build.go:105.4,106.18 2 0
github.com/jiwen624/logspout/replacer/build.go:109.4,110.18 2 0
github.com/jiwen624/logspout/replacer/build.go:113.4,113.57 1 0
github.com/jiwen624/logspout/replacer/build.go:115.21,117.18 2 0
github.com/jiwen624/logspout/replacer/build.go:120.4,121.18 2 0
github.com/jiwen624/logspout/replacer/build.go:125.4,126.18 2 0
github.com/jiwen624/logspout/replacer/build.go:129.4,129.58 1 0
github.com/jiwen624/logspout/replacer/build.go:131.22,134.18 3 0
github.com/jiwen624/logspout/replacer/build.go:137.4,138.18 2 0
github.com/jiwen624/logspout/replacer/build.go:142.4,142.67 1 0
github.com/jiwen624/logspout/replacer/build.go:145.4,145.55 1 0
github.com/jiwen624/logspout/replacer/build.go:147.25,149.18 2 0
github.com/jiwen624/logspout/replacer/build.go:152.4,153.43 2 0
github.com/jiwen624/logspout/replacer/build.go:64.18,66.5 1 0
github.com/jiwen624/logspout/replacer/build.go:70.110,72.5 1 0
github.com/jiwen624/logspout/replacer/build.go:74.18,76.19 2 0
github.com/jiwen624/logspout/replacer/build.go:80.5,81.19 2 0
github.com/jiwen624/logspout/replacer/build.go:84.5,86.18 3 0
github.com/jiwen624/logspout/replacer/build.go:76.19,78.6 1 0
github.com/jiwen624/logspout/replacer/build.go:81.19,83.6 1 0
github.com/jiwen624/logspout/replacer/build.go:86.18,88.6 1 0
github.com/jiwen624/logspout/replacer/build.go:94.72,96.5 1 0
github.com/jiwen624/logspout/replacer/build.go:96.10,98.5 1 0
github.com/jiwen624/logspout/replacer/build.go:102.18,104.5 1 0
github.com/jiwen624/logspout/replacer/build.go:106.18,108.5 1 0
github.com/jiwen624/logspout/replacer/build.go:110.18,112.5 1 0
github.com/jiwen624/logspout/replacer/build.go:117.18,119.5 1 0
github.com/jiwen624/logspout/replacer/build.go:121.18,123.5 1 0
github.com/jiwen624/logspout/replacer/build.go:126.18,128.5 1 0
github.com/jiwen624/logspout/replacer/build.go:134.18,136.5 1 0
github.com/jiwen624/logspout/replacer/build.go:138.18,140.5 1 0
github.com/jiwen624/logspout/replacer/build.go:142.67,144.5 1 0
github.com/jiwen624/logspout/replacer/build.go:149.18,151.5 1 0
github.com/jiwen624/logspout/replacer/gen.go:64.13,66.2 1 1
github.com/jiwen624/logspout/replacer/gen.go:76.66,82.2 1 0
github.com/jiwen624/logspout/replacer/gen.go:84.46,92.2 3 0
github.com/jiwen624/logspout/replacer/gen.go:95.80,98.19 2 0
github.com/jiwen624/logspout/replacer/gen.go:107.2,108.20 2 0
github.com/jiwen624/logspout/replacer/gen.go:99.12,100.51 1 0
github.com/jiwen624/logspout/replacer/gen.go:102.14,103.14 1 0
github.com/jiwen624/logspout/replacer/gen.go:104.10,105.41 1 0
github.com/jiwen624/logspout/replacer/gen.go:116.46,120.2 1 0
github.com/jiwen624/logspout/replacer/gen.go:122.46,128.2 2 0
github.com/jiwen624/logspout/replacer/gen.go:131.79,133.2 1 0
github.com/jiwen624/logspout/replacer/gen.go:141.69,147.2 1 0
github.com/jiwen624/logspout/replacer/gen.go:149.42,157.2 2 0
github.com/jiwen624/logspout/replacer/gen.go:159.76,162.20 3 0
github.com/jiwen624/logspout/replacer/gen.go:168.2,168.17 1 0
github.com/jiwen624/logspout/replacer/gen.go:162.20,164.3 1 0
github.com/jiwen624/logspout/replacer/gen.go:164.8,167.3 2 0
github.com/jiwen624/logspout/replacer/gen.go:177.75,183.2 1 0
github.com/jiwen624/logspout/replacer/gen.go:185.41,192.2 2 0
github.com/jiwen624/logspout/replacer/gen.go:194.75,198.2 3 0
github.com/jiwen624/logspout/replacer/gen.go:208.78,215.2 1 0
github.com/jiwen624/logspout/replacer/gen.go:217.43,225.2 2 0
github.com/jiwen624/logspout/replacer/gen.go:228.77,231.18 2 0
github.com/jiwen624/logspout/replacer/gen.go:247.2,247.44 1 0
github.com/jiwen624/logspout/replacer/gen.go:232.12,234.24 2 0
github.com/jiwen624/logspout/replacer/gen.go:237.12,239.24 2 0
github.com/jiwen624/logspout/replacer/gen.go:242.14,243.14 1 0
github.com/jiwen624/logspout/replacer/gen.go:244.10,245.55 1 0
github.com/jiwen624/logspout/replacer/gen.go:234.24,236.4 1 0
github.com/jiwen624/logspout/replacer/gen.go:239.24,241.4 1 0
github.com/jiwen624/logspout/replacer/gen.go:257.64,262.2 1 0
github.com/jiwen624/logspout/replacer/gen.go:264.38,271.2 2 0
github.com/jiwen624/logspout/replacer/gen.go:274.81,275.19 1 0
github.com/jiwen624/logspout/replacer/gen.go:314.2,314.18 1 0
github.com/jiwen624/logspout/replacer/gen.go:276.12,277.34 1 0
github.com/jiwen624/logspout/replacer/gen.go:278.17,279.30 1 0
github.com/jiwen624/logspout/replacer/gen.go:280.12,281.34 1 0
github.com/jiwen624/logspout/replacer/gen.go:282.10,283.38 1 0
github.com/jiwen624/logspout/replacer/gen.go:284.15,285.52 1 0
github.com/jiwen624/logspout/replacer/gen.go:286.13,287.28 1 0
github.com/jiwen624/logspout/replacer/gen.go:288.12,289.32 1 0
github.com/jiwen624/logspout/replacer/gen.go:290.22,291.39 1 0
github.com/jiwen624/logspout/replacer/gen.go:292.19,293.34 1 0
github.com/jiwen624/logspout/replacer/gen.go:294.11,295.33 1 0
github.com/jiwen624/logspout/replacer/gen.go:296.12,297.25 1 0
github.com/jiwen624/logspout/replacer/gen.go:298.17,302.41 4 0
github.com/jiwen624/logspout/replacer/gen.go:306.3,306.23 1 0
github.com/jiwen624/logspout/replacer/gen.go:311.10,312.60 1 0
github.com/jiwen624/logspout/replacer/gen.go:302.41,305.4 2 0
github.com/jiwen624/logspout/replacer/gen.go:306.23,308.4 1 0
github.com/jiwen624/logspout/replacer/gen.go:308.9,308.31 1 0
github.com/jiwen624/logspout/replacer/gen.go:308.31,310.4 1 0
github.com/jiwen624/logspout/replacer/gen.go:318.50,322.2 3 0
github.com/jiwen624/logspout/replacer/gen.go:325.29,333.2 6 0
github.com/jiwen624/logspout/replacer/gen.go:336.59,347.2 5 0
github.com/jiwen624/logspout/replacer/gen.go:350.29,352.2 1 0
github.com/jiwen624/logspout/replacer/gen.go:356.54,380.2 2 0
github.com/jiwen624/logspout/replacer/gen.go:384.60,385.14 1 0
github.com/jiwen624/logspout/replacer/gen.go:388.2,388.76 1 0
github.com/jiwen624/logspout/replacer/gen.go:385.14,387.3 1 0
github.com/jiwen624/logspout/replacer/gen.go:392.55,394.2 1 0
github.com/jiwen624/logspout/replacer/gen.go:397.69,399.16 2 0
github.com/jiwen624/logspout/replacer/gen.go:399.16,401.3 1 0
github.com/jiwen624/logspout/replacer/gen.go:401.8,403.3 1 0
github.com/jiwen624/logspout/replacer/gen.go:407.70,410.16 3 0
github.com/jiwen624/logspout/replacer/gen.go:413.2,413.22 1 0
github.com/jiwen624/logspout/replacer/gen.go:410.16,412.3 1 0
github.com/jiwen624/logspout/replacer/gen.go:417.65,418.11 1 0
github.com/jiwen624/logspout/replacer/gen.go:419.17,420.36 1 0
github.com/jiwen624/logspout/replacer/gen.go:423.3,423.39 1 0
github.com/jiwen624/logspout/replacer/gen.go:426.3,426.35 1 0
github.com/jiwen624/logspout/replacer/gen.go:429.10,429.10 0 0
github.com/jiwen624/logspout/replacer/gen.go:420.36,422.4 1 0
github.com/jiwen624/logspout/replacer/gen.go:423.39,425.4 1 0
github.com/jiwen624/logspout/replacer/gen.go:426.35,428.4 1 0
github.com/jiwen624/logspout/replacer/rand.go:28.70,34.2 1 0
github.com/jiwen624/logspout/replacer/rand.go:36.48,37.29 1 0
github.com/jiwen624/logspout/replacer/rand.go:40.2,42.57 3 0
github.com/jiwen624/logspout/replacer/rand.go:37.29,39.3 1 0
github.com/jiwen624/logspout/replacer/replacer.go:15.37,17.22 2 0
github.com/jiwen624/logspout/replacer/replacer.go:20.2,20.10 1 0
github.com/jiwen624/logspout/replacer/replacer.go:17.22,19.3 1 0
github.com/jiwen624/logspout/replacer/string.go:15.49,16.17 1 0
github.com/jiwen624/logspout/replacer/string.go:20.2,21.66 2 0
github.com/jiwen624/logspout/replacer/string.go:32.2,32.18 1 0
github.com/jiwen624/logspout/replacer/string.go:16.17,18.3 1 0
github.com/jiwen624/logspout/replacer/string.go:21.66,22.18 1 0
github.com/jiwen624/logspout/replacer/string.go:25.3,25.51 1 0
github.com/jiwen624/logspout/replacer/string.go:29.3,30.11 2 0
github.com/jiwen624/logspout/replacer/string.go:22.18,24.4 1 0
github.com/jiwen624/logspout/replacer/string.go:25.51,28.4 2 0
github.com/jiwen624/logspout/replacer/xml.go:14.75,15.39 1 0
github.com/jiwen624/logspout/replacer/xml.go:19.2,24.33 5 0
github.com/jiwen624/logspout/replacer/xml.go:28.2,31.28 3 0
github.com/jiwen624/logspout/replacer/xml.go:15.39,17.3 1 0
github.com/jiwen624/logspout/replacer/xml.go:24.33,26.3 1 0
github.com/jiwen624/logspout/replacer/xml.go:37.61,38.16 1 0
github.com/jiwen624/logspout/replacer/xml.go:42.2,43.20 2 0
github.com/jiwen624/logspout/replacer/xml.go:51.2,51.27 1 0
github.com/jiwen624/logspout/replacer/xml.go:55.2,59.76 3 0
github.com/jiwen624/logspout/replacer/xml.go:67.2,67.10 1 0
github.com/jiwen624/logspout/replacer/xml.go:38.16,40.3 1 0
github.com/jiwen624/logspout/replacer/xml.go:43.20,44.17 1 0
github.com/jiwen624/logspout/replacer/xml.go:47.3,47.17 1 0
github.com/jiwen624/logspout/replacer/xml.go:44.17,46.4 1 0
github.com/jiwen624/logspout/replacer/xml.go:47.17,49.4 1 0
github.com/jiwen624/logspout/replacer/xml.go:51.27,53.3 1 0
github.com/jiwen624/logspout/replacer/xml.go:59.76,63.21 4 0
github.com/jiwen624/logspout/replacer/xml.go:63.21,64.9 1 0
github.com/jiwen624/logspout/replacer/xml.go:71.38,72.28 1 0
github.com/jiwen624/logspout/replacer/xml.go:72.28,74.3 1 0
github.com/jiwen624/logspout/replacer/xml.go:74.8,76.3 1 0
github.com/jiwen624/logspout/replacer/xml.go:79.27,81.2 1 0
github.com/jiwen624/logspout/replacer/xml.go:83.27,85.2 1 0
github.com/jiwen624/logspout/replacer/xml.go:87.29,89.2 1 0
github.com/jiwen624/logspout/replacer/xml.go:91.25,93.2 1 0
github.com/jiwen624/logspout/replacer/xml.go:95.22,97.2 1 0
github.com/jiwen624/logspout/replacer/xml.go:99.22,101.2 1 0
github.com/jiwen624/logspout/replacer/xml.go:103.26,104.26 1 0
github.com/jiwen624/logspout/replacer/xml.go:104.26,106.3 1 0
github.com/jiwen624/logspout/replacer/xml.go:106.8,108.3 1 0
